<?xml version="1.0" encoding="UTF-8"?>
<!-- Generated by org.testng.reporters.JUnitXMLReporter -->
<testsuite hostname="LAPTOP-KVHSCQRU" ignored="0" name="Default test" tests="3" failures="0" timestamp="21 Dec 2019 16:53:58 GMT" time="14.072" errors="0">
  <testcase name="login_test" time="2.744" classname="Tests.Login_Test"/>
  <testcase name="project_Creation_Test" time="2.427" classname="Tests.Login_Test"/>
  <testcase name="workFlows_Definition" time="8.857" classname="Tests.Login_Test"/>
</testsuite> <!-- Default test -->
