<?xml version="1.0" encoding="UTF-8"?>
<!-- Generated by org.testng.reporters.JUnitXMLReporter -->
<testsuite hostname="LAPTOP-KVHSCQRU" ignored="0" name="test" tests="4" failures="0" timestamp="09 Aug 2019 09:40:23 GMT" time="0.031" errors="0">
  <testcase name="testSecndclass" time="0.005" classname="firtpkg.FirstClass"/>
  <testcase name="testfirstclass" time="0.001" classname="firtpkg.FirstClass"/>
  <testcase name="testSecondclass" time="0.001" classname="SecondPkg.SecondPkgClass"/>
  <testcase name="testscndSecondclass" time="0.001" classname="SecondPkg.SecondPkgClass"/>
</testsuite> <!-- test -->
